<?xml version="1.0" encoding="UTF-8"?>
<!-- Generated by org.testng.reporters.JUnitReportReporter -->
<testsuite hostname="AkshayAathale" failures="0" tests="3" name="Package1.Test2" time="0.078" errors="0" timestamp="2025-08-12T09:24:29 IST" skipped="0">
  <testcase classname="Package1.Test2" name="f" time="0.048"/>
  <system-out/>
  <testcase classname="Package1.Test2" name="message" time="0.015"/>
  <system-out>
    <![CDATA[Atul]]>
  </system-out>
  <testcase classname="Package1.Test2" name="message" time="0.015"/>
  <system-out>
    <![CDATA[Kimaya]]>
  </system-out>
</testsuite> <!-- Package1.Test2 -->
