<?xml version="1.0" encoding="UTF-8"?>
<!-- Generated by org.testng.reporters.JUnitReportReporter -->
<testsuite hostname="AkshayAathale" failures="0" tests="2" name="Package1.Test3" time="0.019" errors="0" timestamp="2025-06-30T23:40:27 IST" skipped="0">
  <testcase classname="Package1.Test3" name="testMethod" time="0.004"/>
  <system-out/>
  <testcase classname="Package1.Test3" name="testMethod" time="0.015"/>
  <system-out/>
</testsuite> <!-- Package1.Test3 -->
