<?xml version="1.0" encoding="UTF-8"?>
<!-- Generated by org.testng.reporters.JUnitReportReporter -->
<testsuite hostname="AkshayAathale" failures="0" tests="1" name="Package1.NashaMuktaKendra" time="0.000" errors="0" timestamp="2025-08-30T15:21:26 IST" skipped="1">
  <testcase classname="Package1.NashaMuktaKendra" name="nashaMuktBharat" time="0.000">
    <skipped/>
  </testcase> <!-- nashaMuktBharat -->
  <system-out/>
</testsuite> <!-- Package1.NashaMuktaKendra -->
