<?xml version="1.0" encoding="UTF-8"?>
<!-- Generated by org.testng.reporters.JUnitReportReporter -->
<testsuite hostname="AkshayAathale" failures="0" tests="3" name="Package1.Test2" time="0.073" errors="0" timestamp="2025-09-07T22:17:31 IST" skipped="0">
  <testcase classname="Package1.Test2" name="message" time="0.032"/>
  <system-out>
    <![CDATA[Kimaya]]>
  </system-out>
  <testcase classname="Package1.Test2" name="f" time="0.022"/>
  <system-out/>
  <testcase classname="Package1.Test2" name="message" time="0.019"/>
  <system-out>
    <![CDATA[Atul]]>
  </system-out>
</testsuite> <!-- Package1.Test2 -->
