<?xml version="1.0" encoding="UTF-8"?>
<!-- Generated by org.testng.reporters.JUnitReportReporter -->
<testsuite hostname="AkshayAathale" failures="0" tests="2" name="Package1.Test3" time="0.016" errors="0" timestamp="2025-05-24T18:52:04 IST" skipped="0">
  <testcase classname="Package1.Test3" name="testMethod" time="0.007"/>
  <system-out/>
  <testcase classname="Package1.Test3" name="testMethod" time="0.009"/>
  <system-out/>
</testsuite> <!-- Package1.Test3 -->
