<?xml version="1.0" encoding="UTF-8"?>
<!-- Generated by org.testng.reporters.JUnitReportReporter -->
<testsuite hostname="DESKTOP-47L2K3M" failures="0" tests="1" name="Package1.Test5" time="0.015" errors="0" timestamp="2021-12-29T16:13:28 IST" skipped="0">
  <testcase classname="Package1.Test5" name="main" time="0.015"/>
  <system-out/>
</testsuite> <!-- Package1.Test5 -->
